<?xml version="1.0" encoding="UTF-8" ?>
<testsuite tests="6" failures="0" name="StepDefinitions.TestRunner" time="39.817" errors="0" skipped="0">
  <properties>
[...]
</properties>
  <testcase classname="Feature to test make an order functionality in &apos;My store&apos; we app" name="Check login is successful with valid credentials" time="19.012"/>
  <testcase classname="Feature to test make an order functionality in &apos;My store&apos; we app" name="Search for blouse and add it to the cart" time="4.148"/>
  <testcase classname="Feature to test make an order functionality in &apos;My store&apos; we app" name="Proceed to checkout after checking shopping cart summary" time="2.272"/>
  <testcase classname="Feature to test make an order functionality in &apos;My store&apos; we app" name="Proceed to checkout after checking details about addresses" time="1.888"/>
  <testcase classname="Feature to test make an order functionality in &apos;My store&apos; we app" name="Proceed to checkout after checking details about shipping" time="2.871"/>
  <testcase classname="Feature to test make an order functionality in &apos;My store&apos; we app" name="Proceed to checkout after choosing payment method" time="9.626"/>
</testsuite>